Copyright 1986-2022 Xilinx, Inc. All Rights Reserved.
--------------------------------------------------------------------------------------------------------------------------------------------------------------------
| Tool Version : Vivado v.2022.2 (win64) Build 3671981 Fri Oct 14 05:00:03 MDT 2022
| Date         : Wed Jul 15 23:06:52 2026
| Host         : Karthik running 64-bit major release  (build 9200)
| Command      : report_timing_summary -delay_type min_max -max_paths 10 -file C:/KarDRIVE/Projects/Verilog/FIFO-CDC-Proj/FIFO-CDC/results/naive_timing_summary.rpt
| Design       : naive_cdc_bridge
| Device       : 7z020-clg484
| Speed File   : -1  PRODUCTION 1.12 2019-11-22
--------------------------------------------------------------------------------------------------------------------------------------------------------------------

Timing Summary Report

------------------------------------------------------------------------------------------------
| Timer Settings
| --------------
------------------------------------------------------------------------------------------------

  Enable Multi Corner Analysis               :  Yes
  Enable Pessimism Removal                   :  Yes
  Pessimism Removal Resolution               :  Nearest Common Node
  Enable Input Delay Default Clock           :  No
  Enable Preset / Clear Arcs                 :  No
  Disable Flight Delays                      :  No
  Ignore I/O Paths                           :  No
  Timing Early Launch at Borrowing Latches   :  No
  Borrow Time for Max Delay Exceptions       :  Yes
  Merge Timing Exceptions                    :  Yes

  Corner  Analyze    Analyze    
  Name    Max Paths  Min Paths  
  ------  ---------  ---------  
  Slow    Yes        Yes        
  Fast    Yes        Yes        


------------------------------------------------------------------------------------------------
| Report Methodology
| ------------------
------------------------------------------------------------------------------------------------

No report available as report_methodology has not been run prior. Run report_methodology on the current design for the summary of methodology violations.



check_timing report

Table of Contents
-----------------
1. checking no_clock (0)
2. checking constant_clock (0)
3. checking pulse_width_clock (0)
4. checking unconstrained_internal_endpoints (0)
5. checking no_input_delay (8)
6. checking no_output_delay (8)
7. checking multiple_clock (0)
8. checking generated_clocks (0)
9. checking loops (0)
10. checking partial_input_delay (0)
11. checking partial_output_delay (0)
12. checking latch_loops (0)

1. checking no_clock (0)
------------------------
 There are 0 register/latch pins with no clock.


2. checking constant_clock (0)
------------------------------
 There are 0 register/latch pins with constant_clock.


3. checking pulse_width_clock (0)
---------------------------------
 There are 0 register/latch pins which need pulse_width check


4. checking unconstrained_internal_endpoints (0)
------------------------------------------------
 There are 0 pins that are not constrained for maximum delay.

 There are 0 pins that are not constrained for maximum delay due to constant clock.


5. checking no_input_delay (8)
------------------------------
 There are 8 input ports with no input delay specified. (HIGH)

 There are 0 input ports with no input delay but user has a false path constraint.


6. checking no_output_delay (8)
-------------------------------
 There are 8 ports with no output delay specified. (HIGH)

 There are 0 ports with no output delay but user has a false path constraint

 There are 0 ports with no output delay but with a timing clock defined on it or propagating through it


7. checking multiple_clock (0)
------------------------------
 There are 0 register/latch pins with multiple clocks.


8. checking generated_clocks (0)
--------------------------------
 There are 0 generated clocks that are not connected to a clock source.


9. checking loops (0)
---------------------
 There are 0 combinational loops in the design.


10. checking partial_input_delay (0)
------------------------------------
 There are 0 input ports with partial input delay specified.


11. checking partial_output_delay (0)
-------------------------------------
 There are 0 ports with partial output delay specified.


12. checking latch_loops (0)
----------------------------
 There are 0 combinational latch loops in the design through latch input



------------------------------------------------------------------------------------------------
| Design Timing Summary
| ---------------------
------------------------------------------------------------------------------------------------

    WNS(ns)      TNS(ns)  TNS Failing Endpoints  TNS Total Endpoints      WHS(ns)      THS(ns)  THS Failing Endpoints  THS Total Endpoints     WPWS(ns)     TPWS(ns)  TPWS Failing Endpoints  TPWS Total Endpoints  
    -------      -------  ---------------------  -------------------      -------      -------  ---------------------  -------------------     --------     --------  ----------------------  --------------------  
     -0.395       -3.164                      8                    8       -0.093       -0.742                      8                    8        4.500        0.000                       0                    18  


Timing constraints are not met.


------------------------------------------------------------------------------------------------
| Clock Summary
| -------------
------------------------------------------------------------------------------------------------

Clock  Waveform(ns)       Period(ns)      Frequency(MHz)
-----  ------------       ----------      --------------
rclk   {0.000 13.500}     27.000          37.037          
wclk   {0.000 5.000}      10.000          100.000         


------------------------------------------------------------------------------------------------
| Intra Clock Table
| -----------------
------------------------------------------------------------------------------------------------

Clock             WNS(ns)      TNS(ns)  TNS Failing Endpoints  TNS Total Endpoints      WHS(ns)      THS(ns)  THS Failing Endpoints  THS Total Endpoints     WPWS(ns)     TPWS(ns)  TPWS Failing Endpoints  TPWS Total Endpoints  
-----             -------      -------  ---------------------  -------------------      -------      -------  ---------------------  -------------------     --------     --------  ----------------------  --------------------  
rclk                                                                                                                                                           13.000        0.000                       0                     9  
wclk                                                                                                                                                            4.500        0.000                       0                     9  


------------------------------------------------------------------------------------------------
| Inter Clock Table
| -----------------
------------------------------------------------------------------------------------------------

From Clock    To Clock          WNS(ns)      TNS(ns)  TNS Failing Endpoints  TNS Total Endpoints      WHS(ns)      THS(ns)  THS Failing Endpoints  THS Total Endpoints  
----------    --------          -------      -------  ---------------------  -------------------      -------      -------  ---------------------  -------------------  
wclk          rclk               -0.395       -3.164                      8                    8       -0.093       -0.742                      8                    8  


------------------------------------------------------------------------------------------------
| Other Path Groups Table
| -----------------------
------------------------------------------------------------------------------------------------

Path Group    From Clock    To Clock          WNS(ns)      TNS(ns)  TNS Failing Endpoints  TNS Total Endpoints      WHS(ns)      THS(ns)  THS Failing Endpoints  THS Total Endpoints  
----------    ----------    --------          -------      -------  ---------------------  -------------------      -------      -------  ---------------------  -------------------  


------------------------------------------------------------------------------------------------
| Timing Details
| --------------
------------------------------------------------------------------------------------------------


---------------------------------------------------------------------------------------------------
From Clock:  rclk
  To Clock:  rclk

Setup :           NA  Failing Endpoints,  Worst Slack           NA  ,  Total Violation           NA
Hold  :           NA  Failing Endpoints,  Worst Slack           NA  ,  Total Violation           NA
PW    :            0  Failing Endpoints,  Worst Slack       13.000ns,  Total Violation        0.000ns
---------------------------------------------------------------------------------------------------


Pulse Width Checks
--------------------------------------------------------------------------------------
Clock Name:         rclk
Waveform(ns):       { 0.000 13.500 }
Period(ns):         27.000
Sources:            { rclk }

Check Type        Corner  Lib Pin  Reference Pin  Required(ns)  Actual(ns)  Slack(ns)  Location  Pin
Min Period        n/a     BUFG/I   n/a            2.155         27.000      24.845               rclk_IBUF_BUFG_inst/I
Min Period        n/a     FDRE/C   n/a            1.000         27.000      26.000               rd_data_bad_reg[0]/C
Min Period        n/a     FDRE/C   n/a            1.000         27.000      26.000               rd_data_bad_reg[1]/C
Min Period        n/a     FDRE/C   n/a            1.000         27.000      26.000               rd_data_bad_reg[2]/C
Min Period        n/a     FDRE/C   n/a            1.000         27.000      26.000               rd_data_bad_reg[3]/C
Min Period        n/a     FDRE/C   n/a            1.000         27.000      26.000               rd_data_bad_reg[4]/C
Min Period        n/a     FDRE/C   n/a            1.000         27.000      26.000               rd_data_bad_reg[5]/C
Min Period        n/a     FDRE/C   n/a            1.000         27.000      26.000               rd_data_bad_reg[6]/C
Min Period        n/a     FDRE/C   n/a            1.000         27.000      26.000               rd_data_bad_reg[7]/C
Low Pulse Width   Slow    FDRE/C   n/a            0.500         13.500      13.000               rd_data_bad_reg[0]/C
Low Pulse Width   Fast    FDRE/C   n/a            0.500         13.500      13.000               rd_data_bad_reg[0]/C
Low Pulse Width   Slow    FDRE/C   n/a            0.500         13.500      13.000               rd_data_bad_reg[1]/C
Low Pulse Width   Fast    FDRE/C   n/a            0.500         13.500      13.000               rd_data_bad_reg[1]/C
Low Pulse Width   Slow    FDRE/C   n/a            0.500         13.500      13.000               rd_data_bad_reg[2]/C
Low Pulse Width   Fast    FDRE/C   n/a            0.500         13.500      13.000               rd_data_bad_reg[2]/C
Low Pulse Width   Slow    FDRE/C   n/a            0.500         13.500      13.000               rd_data_bad_reg[3]/C
Low Pulse Width   Fast    FDRE/C   n/a            0.500         13.500      13.000               rd_data_bad_reg[3]/C
Low Pulse Width   Slow    FDRE/C   n/a            0.500         13.500      13.000               rd_data_bad_reg[4]/C
Low Pulse Width   Fast    FDRE/C   n/a            0.500         13.500      13.000               rd_data_bad_reg[4]/C
High Pulse Width  Slow    FDRE/C   n/a            0.500         13.500      13.000               rd_data_bad_reg[0]/C
High Pulse Width  Fast    FDRE/C   n/a            0.500         13.500      13.000               rd_data_bad_reg[0]/C
High Pulse Width  Slow    FDRE/C   n/a            0.500         13.500      13.000               rd_data_bad_reg[1]/C
High Pulse Width  Fast    FDRE/C   n/a            0.500         13.500      13.000               rd_data_bad_reg[1]/C
High Pulse Width  Slow    FDRE/C   n/a            0.500         13.500      13.000               rd_data_bad_reg[2]/C
High Pulse Width  Fast    FDRE/C   n/a            0.500         13.500      13.000               rd_data_bad_reg[2]/C
High Pulse Width  Slow    FDRE/C   n/a            0.500         13.500      13.000               rd_data_bad_reg[3]/C
High Pulse Width  Fast    FDRE/C   n/a            0.500         13.500      13.000               rd_data_bad_reg[3]/C
High Pulse Width  Slow    FDRE/C   n/a            0.500         13.500      13.000               rd_data_bad_reg[4]/C
High Pulse Width  Fast    FDRE/C   n/a            0.500         13.500      13.000               rd_data_bad_reg[4]/C



---------------------------------------------------------------------------------------------------
From Clock:  wclk
  To Clock:  wclk

Setup :           NA  Failing Endpoints,  Worst Slack           NA  ,  Total Violation           NA
Hold  :           NA  Failing Endpoints,  Worst Slack           NA  ,  Total Violation           NA
PW    :            0  Failing Endpoints,  Worst Slack        4.500ns,  Total Violation        0.000ns
---------------------------------------------------------------------------------------------------


Pulse Width Checks
--------------------------------------------------------------------------------------
Clock Name:         wclk
Waveform(ns):       { 0.000 5.000 }
Period(ns):         10.000
Sources:            { wclk }

Check Type        Corner  Lib Pin  Reference Pin  Required(ns)  Actual(ns)  Slack(ns)  Location  Pin
Min Period        n/a     BUFG/I   n/a            2.155         10.000      7.845                wclk_IBUF_BUFG_inst/I
Min Period        n/a     FDRE/C   n/a            1.000         10.000      9.000                data_reg_reg[0]/C
Min Period        n/a     FDRE/C   n/a            1.000         10.000      9.000                data_reg_reg[1]/C
Min Period        n/a     FDRE/C   n/a            1.000         10.000      9.000                data_reg_reg[2]/C
Min Period        n/a     FDRE/C   n/a            1.000         10.000      9.000                data_reg_reg[3]/C
Min Period        n/a     FDRE/C   n/a            1.000         10.000      9.000                data_reg_reg[4]/C
Min Period        n/a     FDRE/C   n/a            1.000         10.000      9.000                data_reg_reg[5]/C
Min Period        n/a     FDRE/C   n/a            1.000         10.000      9.000                data_reg_reg[6]/C
Min Period        n/a     FDRE/C   n/a            1.000         10.000      9.000                data_reg_reg[7]/C
Low Pulse Width   Slow    FDRE/C   n/a            0.500         5.000       4.500                data_reg_reg[0]/C
Low Pulse Width   Fast    FDRE/C   n/a            0.500         5.000       4.500                data_reg_reg[0]/C
Low Pulse Width   Slow    FDRE/C   n/a            0.500         5.000       4.500                data_reg_reg[1]/C
Low Pulse Width   Fast    FDRE/C   n/a            0.500         5.000       4.500                data_reg_reg[1]/C
Low Pulse Width   Slow    FDRE/C   n/a            0.500         5.000       4.500                data_reg_reg[2]/C
Low Pulse Width   Fast    FDRE/C   n/a            0.500         5.000       4.500                data_reg_reg[2]/C
Low Pulse Width   Slow    FDRE/C   n/a            0.500         5.000       4.500                data_reg_reg[3]/C
Low Pulse Width   Fast    FDRE/C   n/a            0.500         5.000       4.500                data_reg_reg[3]/C
Low Pulse Width   Slow    FDRE/C   n/a            0.500         5.000       4.500                data_reg_reg[4]/C
Low Pulse Width   Fast    FDRE/C   n/a            0.500         5.000       4.500                data_reg_reg[4]/C
High Pulse Width  Slow    FDRE/C   n/a            0.500         5.000       4.500                data_reg_reg[0]/C
High Pulse Width  Fast    FDRE/C   n/a            0.500         5.000       4.500                data_reg_reg[0]/C
High Pulse Width  Slow    FDRE/C   n/a            0.500         5.000       4.500                data_reg_reg[1]/C
High Pulse Width  Fast    FDRE/C   n/a            0.500         5.000       4.500                data_reg_reg[1]/C
High Pulse Width  Slow    FDRE/C   n/a            0.500         5.000       4.500                data_reg_reg[2]/C
High Pulse Width  Fast    FDRE/C   n/a            0.500         5.000       4.500                data_reg_reg[2]/C
High Pulse Width  Slow    FDRE/C   n/a            0.500         5.000       4.500                data_reg_reg[3]/C
High Pulse Width  Fast    FDRE/C   n/a            0.500         5.000       4.500                data_reg_reg[3]/C
High Pulse Width  Slow    FDRE/C   n/a            0.500         5.000       4.500                data_reg_reg[4]/C
High Pulse Width  Fast    FDRE/C   n/a            0.500         5.000       4.500                data_reg_reg[4]/C



---------------------------------------------------------------------------------------------------
From Clock:  wclk
  To Clock:  rclk

Setup :            8  Failing Endpoints,  Worst Slack       -0.395ns,  Total Violation       -3.164ns
Hold  :            8  Failing Endpoints,  Worst Slack       -0.093ns,  Total Violation       -0.742ns
---------------------------------------------------------------------------------------------------


Max Delay Paths
--------------------------------------------------------------------------------------
Slack (VIOLATED) :        -0.395ns  (required time - arrival time)
  Source:                 data_reg_reg[0]/C
                            (rising edge-triggered cell FDRE clocked by wclk  {rise@0.000ns fall@5.000ns period=10.000ns})
  Destination:            rd_data_bad_reg[0]/D
                            (rising edge-triggered cell FDRE clocked by rclk  {rise@0.000ns fall@13.500ns period=27.000ns})
  Path Group:             rclk
  Path Type:              Setup (Max at Slow Process Corner)
  Requirement:            1.000ns  (rclk rise@81.000ns - wclk rise@80.000ns)
  Data Path Delay:        0.812ns  (logic 0.478ns (58.867%)  route 0.334ns (41.133%))
  Logic Levels:           0  
  Clock Path Skew:        -0.328ns (DCD - SCD + CPR)
    Destination Clock Delay (DCD):    2.078ns = ( 83.078 - 81.000 ) 
    Source Clock Delay      (SCD):    2.406ns = ( 82.406 - 80.000 ) 
    Clock Pessimism Removal (CPR):    0.000ns
  Clock Uncertainty:      0.035ns  ((TSJ^2 + TIJ^2)^1/2 + DJ) / 2 + PE
    Total System Jitter     (TSJ):    0.071ns
    Total Input Jitter      (TIJ):    0.000ns
    Discrete Jitter          (DJ):    0.000ns
    Phase Error              (PE):    0.000ns
  Clock Domain Crossing:  Inter clock paths are considered valid unless explicitly excluded by timing constraints such as set_clock_groups or set_false_path.

    Location             Delay type                Incr(ns)  Path(ns)    Netlist Resource(s)
  -------------------------------------------------------------------    -------------------
                         (clock wclk rise edge)      80.000    80.000 r  
                                                      0.000    80.000 r  wclk (IN)
                         net (fo=0)                   0.000    80.000    wclk
                         IBUF (Prop_ibuf_I_O)         0.921    80.921 r  wclk_IBUF_inst/O
                         net (fo=1, unplaced)         0.800    81.721    wclk_IBUF
                         BUFG (Prop_bufg_I_O)         0.101    81.822 r  wclk_IBUF_BUFG_inst/O
                         net (fo=8, unplaced)         0.584    82.406    wclk_IBUF_BUFG
                         FDRE                                         r  data_reg_reg[0]/C
  -------------------------------------------------------------------    -------------------
                         FDRE (Prop_fdre_C_Q)         0.478    82.884 r  data_reg_reg[0]/Q
                         net (fo=1, unplaced)         0.334    83.218    data_reg[0]
                         FDRE                                         r  rd_data_bad_reg[0]/D
  -------------------------------------------------------------------    -------------------

                         (clock rclk rise edge)      81.000    81.000 r  
                                                      0.000    81.000 r  rclk (IN)
                         net (fo=0)                   0.000    81.000    rclk
                         IBUF (Prop_ibuf_I_O)         0.788    81.788 r  rclk_IBUF_inst/O
                         net (fo=1, unplaced)         0.760    82.548    rclk_IBUF
                         BUFG (Prop_bufg_I_O)         0.091    82.639 r  rclk_IBUF_BUFG_inst/O
                         net (fo=8, unplaced)         0.439    83.078    rclk_IBUF_BUFG
                         FDRE                                         r  rd_data_bad_reg[0]/C
                         clock pessimism              0.000    83.078    
                         clock uncertainty           -0.035    83.043    
                         FDRE (Setup_fdre_C_D)       -0.220    82.823    rd_data_bad_reg[0]
  -------------------------------------------------------------------
                         required time                         82.823    
                         arrival time                         -83.218    
  -------------------------------------------------------------------
                         slack                                 -0.395    

Slack (VIOLATED) :        -0.395ns  (required time - arrival time)
  Source:                 data_reg_reg[1]/C
                            (rising edge-triggered cell FDRE clocked by wclk  {rise@0.000ns fall@5.000ns period=10.000ns})
  Destination:            rd_data_bad_reg[1]/D
                            (rising edge-triggered cell FDRE clocked by rclk  {rise@0.000ns fall@13.500ns period=27.000ns})
  Path Group:             rclk
  Path Type:              Setup (Max at Slow Process Corner)
  Requirement:            1.000ns  (rclk rise@81.000ns - wclk rise@80.000ns)
  Data Path Delay:        0.812ns  (logic 0.478ns (58.867%)  route 0.334ns (41.133%))
  Logic Levels:           0  
  Clock Path Skew:        -0.328ns (DCD - SCD + CPR)
    Destination Clock Delay (DCD):    2.078ns = ( 83.078 - 81.000 ) 
    Source Clock Delay      (SCD):    2.406ns = ( 82.406 - 80.000 ) 
    Clock Pessimism Removal (CPR):    0.000ns
  Clock Uncertainty:      0.035ns  ((TSJ^2 + TIJ^2)^1/2 + DJ) / 2 + PE
    Total System Jitter     (TSJ):    0.071ns
    Total Input Jitter      (TIJ):    0.000ns
    Discrete Jitter          (DJ):    0.000ns
    Phase Error              (PE):    0.000ns
  Clock Domain Crossing:  Inter clock paths are considered valid unless explicitly excluded by timing constraints such as set_clock_groups or set_false_path.

    Location             Delay type                Incr(ns)  Path(ns)    Netlist Resource(s)
  -------------------------------------------------------------------    -------------------
                         (clock wclk rise edge)      80.000    80.000 r  
                                                      0.000    80.000 r  wclk (IN)
                         net (fo=0)                   0.000    80.000    wclk
                         IBUF (Prop_ibuf_I_O)         0.921    80.921 r  wclk_IBUF_inst/O
                         net (fo=1, unplaced)         0.800    81.721    wclk_IBUF
                         BUFG (Prop_bufg_I_O)         0.101    81.822 r  wclk_IBUF_BUFG_inst/O
                         net (fo=8, unplaced)         0.584    82.406    wclk_IBUF_BUFG
                         FDRE                                         r  data_reg_reg[1]/C
  -------------------------------------------------------------------    -------------------
                         FDRE (Prop_fdre_C_Q)         0.478    82.884 r  data_reg_reg[1]/Q
                         net (fo=1, unplaced)         0.334    83.218    data_reg[1]
                         FDRE                                         r  rd_data_bad_reg[1]/D
  -------------------------------------------------------------------    -------------------

                         (clock rclk rise edge)      81.000    81.000 r  
                                                      0.000    81.000 r  rclk (IN)
                         net (fo=0)                   0.000    81.000    rclk
                         IBUF (Prop_ibuf_I_O)         0.788    81.788 r  rclk_IBUF_inst/O
                         net (fo=1, unplaced)         0.760    82.548    rclk_IBUF
                         BUFG (Prop_bufg_I_O)         0.091    82.639 r  rclk_IBUF_BUFG_inst/O
                         net (fo=8, unplaced)         0.439    83.078    rclk_IBUF_BUFG
                         FDRE                                         r  rd_data_bad_reg[1]/C
                         clock pessimism              0.000    83.078    
                         clock uncertainty           -0.035    83.043    
                         FDRE (Setup_fdre_C_D)       -0.220    82.823    rd_data_bad_reg[1]
  -------------------------------------------------------------------
                         required time                         82.823    
                         arrival time                         -83.218    
  -------------------------------------------------------------------
                         slack                                 -0.395    

Slack (VIOLATED) :        -0.395ns  (required time - arrival time)
  Source:                 data_reg_reg[2]/C
                            (rising edge-triggered cell FDRE clocked by wclk  {rise@0.000ns fall@5.000ns period=10.000ns})
  Destination:            rd_data_bad_reg[2]/D
                            (rising edge-triggered cell FDRE clocked by rclk  {rise@0.000ns fall@13.500ns period=27.000ns})
  Path Group:             rclk
  Path Type:              Setup (Max at Slow Process Corner)
  Requirement:            1.000ns  (rclk rise@81.000ns - wclk rise@80.000ns)
  Data Path Delay:        0.812ns  (logic 0.478ns (58.867%)  route 0.334ns (41.133%))
  Logic Levels:           0  
  Clock Path Skew:        -0.328ns (DCD - SCD + CPR)
    Destination Clock Delay (DCD):    2.078ns = ( 83.078 - 81.000 ) 
    Source Clock Delay      (SCD):    2.406ns = ( 82.406 - 80.000 ) 
    Clock Pessimism Removal (CPR):    0.000ns
  Clock Uncertainty:      0.035ns  ((TSJ^2 + TIJ^2)^1/2 + DJ) / 2 + PE
    Total System Jitter     (TSJ):    0.071ns
    Total Input Jitter      (TIJ):    0.000ns
    Discrete Jitter          (DJ):    0.000ns
    Phase Error              (PE):    0.000ns
  Clock Domain Crossing:  Inter clock paths are considered valid unless explicitly excluded by timing constraints such as set_clock_groups or set_false_path.

    Location             Delay type                Incr(ns)  Path(ns)    Netlist Resource(s)
  -------------------------------------------------------------------    -------------------
                         (clock wclk rise edge)      80.000    80.000 r  
                                                      0.000    80.000 r  wclk (IN)
                         net (fo=0)                   0.000    80.000    wclk
                         IBUF (Prop_ibuf_I_O)         0.921    80.921 r  wclk_IBUF_inst/O
                         net (fo=1, unplaced)         0.800    81.721    wclk_IBUF
                         BUFG (Prop_bufg_I_O)         0.101    81.822 r  wclk_IBUF_BUFG_inst/O
                         net (fo=8, unplaced)         0.584    82.406    wclk_IBUF_BUFG
                         FDRE                                         r  data_reg_reg[2]/C
  -------------------------------------------------------------------    -------------------
                         FDRE (Prop_fdre_C_Q)         0.478    82.884 r  data_reg_reg[2]/Q
                         net (fo=1, unplaced)         0.334    83.218    data_reg[2]
                         FDRE                                         r  rd_data_bad_reg[2]/D
  -------------------------------------------------------------------    -------------------

                         (clock rclk rise edge)      81.000    81.000 r  
                                                      0.000    81.000 r  rclk (IN)
                         net (fo=0)                   0.000    81.000    rclk
                         IBUF (Prop_ibuf_I_O)         0.788    81.788 r  rclk_IBUF_inst/O
                         net (fo=1, unplaced)         0.760    82.548    rclk_IBUF
                         BUFG (Prop_bufg_I_O)         0.091    82.639 r  rclk_IBUF_BUFG_inst/O
                         net (fo=8, unplaced)         0.439    83.078    rclk_IBUF_BUFG
                         FDRE                                         r  rd_data_bad_reg[2]/C
                         clock pessimism              0.000    83.078    
                         clock uncertainty           -0.035    83.043    
                         FDRE (Setup_fdre_C_D)       -0.220    82.823    rd_data_bad_reg[2]
  -------------------------------------------------------------------
                         required time                         82.823    
                         arrival time                         -83.218    
  -------------------------------------------------------------------
                         slack                                 -0.395    

Slack (VIOLATED) :        -0.395ns  (required time - arrival time)
  Source:                 data_reg_reg[3]/C
                            (rising edge-triggered cell FDRE clocked by wclk  {rise@0.000ns fall@5.000ns period=10.000ns})
  Destination:            rd_data_bad_reg[3]/D
                            (rising edge-triggered cell FDRE clocked by rclk  {rise@0.000ns fall@13.500ns period=27.000ns})
  Path Group:             rclk
  Path Type:              Setup (Max at Slow Process Corner)
  Requirement:            1.000ns  (rclk rise@81.000ns - wclk rise@80.000ns)
  Data Path Delay:        0.812ns  (logic 0.478ns (58.867%)  route 0.334ns (41.133%))
  Logic Levels:           0  
  Clock Path Skew:        -0.328ns (DCD - SCD + CPR)
    Destination Clock Delay (DCD):    2.078ns = ( 83.078 - 81.000 ) 
    Source Clock Delay      (SCD):    2.406ns = ( 82.406 - 80.000 ) 
    Clock Pessimism Removal (CPR):    0.000ns
  Clock Uncertainty:      0.035ns  ((TSJ^2 + TIJ^2)^1/2 + DJ) / 2 + PE
    Total System Jitter     (TSJ):    0.071ns
    Total Input Jitter      (TIJ):    0.000ns
    Discrete Jitter          (DJ):    0.000ns
    Phase Error              (PE):    0.000ns
  Clock Domain Crossing:  Inter clock paths are considered valid unless explicitly excluded by timing constraints such as set_clock_groups or set_false_path.

    Location             Delay type                Incr(ns)  Path(ns)    Netlist Resource(s)
  -------------------------------------------------------------------    -------------------
                         (clock wclk rise edge)      80.000    80.000 r  
                                                      0.000    80.000 r  wclk (IN)
                         net (fo=0)                   0.000    80.000    wclk
                         IBUF (Prop_ibuf_I_O)         0.921    80.921 r  wclk_IBUF_inst/O
                         net (fo=1, unplaced)         0.800    81.721    wclk_IBUF
                         BUFG (Prop_bufg_I_O)         0.101    81.822 r  wclk_IBUF_BUFG_inst/O
                         net (fo=8, unplaced)         0.584    82.406    wclk_IBUF_BUFG
                         FDRE                                         r  data_reg_reg[3]/C
  -------------------------------------------------------------------    -------------------
                         FDRE (Prop_fdre_C_Q)         0.478    82.884 r  data_reg_reg[3]/Q
                         net (fo=1, unplaced)         0.334    83.218    data_reg[3]
                         FDRE                                         r  rd_data_bad_reg[3]/D
  -------------------------------------------------------------------    -------------------

                         (clock rclk rise edge)      81.000    81.000 r  
                                                      0.000    81.000 r  rclk (IN)
                         net (fo=0)                   0.000    81.000    rclk
                         IBUF (Prop_ibuf_I_O)         0.788    81.788 r  rclk_IBUF_inst/O
                         net (fo=1, unplaced)         0.760    82.548    rclk_IBUF
                         BUFG (Prop_bufg_I_O)         0.091    82.639 r  rclk_IBUF_BUFG_inst/O
                         net (fo=8, unplaced)         0.439    83.078    rclk_IBUF_BUFG
                         FDRE                                         r  rd_data_bad_reg[3]/C
                         clock pessimism              0.000    83.078    
                         clock uncertainty           -0.035    83.043    
                         FDRE (Setup_fdre_C_D)       -0.220    82.823    rd_data_bad_reg[3]
  -------------------------------------------------------------------
                         required time                         82.823    
                         arrival time                         -83.218    
  -------------------------------------------------------------------
                         slack                                 -0.395    

Slack (VIOLATED) :        -0.395ns  (required time - arrival time)
  Source:                 data_reg_reg[4]/C
                            (rising edge-triggered cell FDRE clocked by wclk  {rise@0.000ns fall@5.000ns period=10.000ns})
  Destination:            rd_data_bad_reg[4]/D
                            (rising edge-triggered cell FDRE clocked by rclk  {rise@0.000ns fall@13.500ns period=27.000ns})
  Path Group:             rclk
  Path Type:              Setup (Max at Slow Process Corner)
  Requirement:            1.000ns  (rclk rise@81.000ns - wclk rise@80.000ns)
  Data Path Delay:        0.812ns  (logic 0.478ns (58.867%)  route 0.334ns (41.133%))
  Logic Levels:           0  
  Clock Path Skew:        -0.328ns (DCD - SCD + CPR)
    Destination Clock Delay (DCD):    2.078ns = ( 83.078 - 81.000 ) 
    Source Clock Delay      (SCD):    2.406ns = ( 82.406 - 80.000 ) 
    Clock Pessimism Removal (CPR):    0.000ns
  Clock Uncertainty:      0.035ns  ((TSJ^2 + TIJ^2)^1/2 + DJ) / 2 + PE
    Total System Jitter     (TSJ):    0.071ns
    Total Input Jitter      (TIJ):    0.000ns
    Discrete Jitter          (DJ):    0.000ns
    Phase Error              (PE):    0.000ns
  Clock Domain Crossing:  Inter clock paths are considered valid unless explicitly excluded by timing constraints such as set_clock_groups or set_false_path.

    Location             Delay type                Incr(ns)  Path(ns)    Netlist Resource(s)
  -------------------------------------------------------------------    -------------------
                         (clock wclk rise edge)      80.000    80.000 r  
                                                      0.000    80.000 r  wclk (IN)
                         net (fo=0)                   0.000    80.000    wclk
                         IBUF (Prop_ibuf_I_O)         0.921    80.921 r  wclk_IBUF_inst/O
                         net (fo=1, unplaced)         0.800    81.721    wclk_IBUF
                         BUFG (Prop_bufg_I_O)         0.101    81.822 r  wclk_IBUF_BUFG_inst/O
                         net (fo=8, unplaced)         0.584    82.406    wclk_IBUF_BUFG
                         FDRE                                         r  data_reg_reg[4]/C
  -------------------------------------------------------------------    -------------------
                         FDRE (Prop_fdre_C_Q)         0.478    82.884 r  data_reg_reg[4]/Q
                         net (fo=1, unplaced)         0.334    83.218    data_reg[4]
                         FDRE                                         r  rd_data_bad_reg[4]/D
  -------------------------------------------------------------------    -------------------

                         (clock rclk rise edge)      81.000    81.000 r  
                                                      0.000    81.000 r  rclk (IN)
                         net (fo=0)                   0.000    81.000    rclk
                         IBUF (Prop_ibuf_I_O)         0.788    81.788 r  rclk_IBUF_inst/O
                         net (fo=1, unplaced)         0.760    82.548    rclk_IBUF
                         BUFG (Prop_bufg_I_O)         0.091    82.639 r  rclk_IBUF_BUFG_inst/O
                         net (fo=8, unplaced)         0.439    83.078    rclk_IBUF_BUFG
                         FDRE                                         r  rd_data_bad_reg[4]/C
                         clock pessimism              0.000    83.078    
                         clock uncertainty           -0.035    83.043    
                         FDRE (Setup_fdre_C_D)       -0.220    82.823    rd_data_bad_reg[4]
  -------------------------------------------------------------------
                         required time                         82.823    
                         arrival time                         -83.218    
  -------------------------------------------------------------------
                         slack                                 -0.395    

Slack (VIOLATED) :        -0.395ns  (required time - arrival time)
  Source:                 data_reg_reg[5]/C
                            (rising edge-triggered cell FDRE clocked by wclk  {rise@0.000ns fall@5.000ns period=10.000ns})
  Destination:            rd_data_bad_reg[5]/D
                            (rising edge-triggered cell FDRE clocked by rclk  {rise@0.000ns fall@13.500ns period=27.000ns})
  Path Group:             rclk
  Path Type:              Setup (Max at Slow Process Corner)
  Requirement:            1.000ns  (rclk rise@81.000ns - wclk rise@80.000ns)
  Data Path Delay:        0.812ns  (logic 0.478ns (58.867%)  route 0.334ns (41.133%))
  Logic Levels:           0  
  Clock Path Skew:        -0.328ns (DCD - SCD + CPR)
    Destination Clock Delay (DCD):    2.078ns = ( 83.078 - 81.000 ) 
    Source Clock Delay      (SCD):    2.406ns = ( 82.406 - 80.000 ) 
    Clock Pessimism Removal (CPR):    0.000ns
  Clock Uncertainty:      0.035ns  ((TSJ^2 + TIJ^2)^1/2 + DJ) / 2 + PE
    Total System Jitter     (TSJ):    0.071ns
    Total Input Jitter      (TIJ):    0.000ns
    Discrete Jitter          (DJ):    0.000ns
    Phase Error              (PE):    0.000ns
  Clock Domain Crossing:  Inter clock paths are considered valid unless explicitly excluded by timing constraints such as set_clock_groups or set_false_path.

    Location             Delay type                Incr(ns)  Path(ns)    Netlist Resource(s)
  -------------------------------------------------------------------    -------------------
                         (clock wclk rise edge)      80.000    80.000 r  
                                                      0.000    80.000 r  wclk (IN)
                         net (fo=0)                   0.000    80.000    wclk
                         IBUF (Prop_ibuf_I_O)         0.921    80.921 r  wclk_IBUF_inst/O
                         net (fo=1, unplaced)         0.800    81.721    wclk_IBUF
                         BUFG (Prop_bufg_I_O)         0.101    81.822 r  wclk_IBUF_BUFG_inst/O
                         net (fo=8, unplaced)         0.584    82.406    wclk_IBUF_BUFG
                         FDRE                                         r  data_reg_reg[5]/C
  -------------------------------------------------------------------    -------------------
                         FDRE (Prop_fdre_C_Q)         0.478    82.884 r  data_reg_reg[5]/Q
                         net (fo=1, unplaced)         0.334    83.218    data_reg[5]
                         FDRE                                         r  rd_data_bad_reg[5]/D
  -------------------------------------------------------------------    -------------------

                         (clock rclk rise edge)      81.000    81.000 r  
                                                      0.000    81.000 r  rclk (IN)
                         net (fo=0)                   0.000    81.000    rclk
                         IBUF (Prop_ibuf_I_O)         0.788    81.788 r  rclk_IBUF_inst/O
                         net (fo=1, unplaced)         0.760    82.548    rclk_IBUF
                         BUFG (Prop_bufg_I_O)         0.091    82.639 r  rclk_IBUF_BUFG_inst/O
                         net (fo=8, unplaced)         0.439    83.078    rclk_IBUF_BUFG
                         FDRE                                         r  rd_data_bad_reg[5]/C
                         clock pessimism              0.000    83.078    
                         clock uncertainty           -0.035    83.043    
                         FDRE (Setup_fdre_C_D)       -0.220    82.823    rd_data_bad_reg[5]
  -------------------------------------------------------------------
                         required time                         82.823    
                         arrival time                         -83.218    
  -------------------------------------------------------------------
                         slack                                 -0.395    

Slack (VIOLATED) :        -0.395ns  (required time - arrival time)
  Source:                 data_reg_reg[6]/C
                            (rising edge-triggered cell FDRE clocked by wclk  {rise@0.000ns fall@5.000ns period=10.000ns})
  Destination:            rd_data_bad_reg[6]/D
                            (rising edge-triggered cell FDRE clocked by rclk  {rise@0.000ns fall@13.500ns period=27.000ns})
  Path Group:             rclk
  Path Type:              Setup (Max at Slow Process Corner)
  Requirement:            1.000ns  (rclk rise@81.000ns - wclk rise@80.000ns)
  Data Path Delay:        0.812ns  (logic 0.478ns (58.867%)  route 0.334ns (41.133%))
  Logic Levels:           0  
  Clock Path Skew:        -0.328ns (DCD - SCD + CPR)
    Destination Clock Delay (DCD):    2.078ns = ( 83.078 - 81.000 ) 
    Source Clock Delay      (SCD):    2.406ns = ( 82.406 - 80.000 ) 
    Clock Pessimism Removal (CPR):    0.000ns
  Clock Uncertainty:      0.035ns  ((TSJ^2 + TIJ^2)^1/2 + DJ) / 2 + PE
    Total System Jitter     (TSJ):    0.071ns
    Total Input Jitter      (TIJ):    0.000ns
    Discrete Jitter          (DJ):    0.000ns
    Phase Error              (PE):    0.000ns
  Clock Domain Crossing:  Inter clock paths are considered valid unless explicitly excluded by timing constraints such as set_clock_groups or set_false_path.

    Location             Delay type                Incr(ns)  Path(ns)    Netlist Resource(s)
  -------------------------------------------------------------------    -------------------
                         (clock wclk rise edge)      80.000    80.000 r  
                                                      0.000    80.000 r  wclk (IN)
                         net (fo=0)                   0.000    80.000    wclk
                         IBUF (Prop_ibuf_I_O)         0.921    80.921 r  wclk_IBUF_inst/O
                         net (fo=1, unplaced)         0.800    81.721    wclk_IBUF
                         BUFG (Prop_bufg_I_O)         0.101    81.822 r  wclk_IBUF_BUFG_inst/O
                         net (fo=8, unplaced)         0.584    82.406    wclk_IBUF_BUFG
                         FDRE                                         r  data_reg_reg[6]/C
  -------------------------------------------------------------------    -------------------
                         FDRE (Prop_fdre_C_Q)         0.478    82.884 r  data_reg_reg[6]/Q
                         net (fo=1, unplaced)         0.334    83.218    data_reg[6]
                         FDRE                                         r  rd_data_bad_reg[6]/D
  -------------------------------------------------------------------    -------------------

                         (clock rclk rise edge)      81.000    81.000 r  
                                                      0.000    81.000 r  rclk (IN)
                         net (fo=0)                   0.000    81.000    rclk
                         IBUF (Prop_ibuf_I_O)         0.788    81.788 r  rclk_IBUF_inst/O
                         net (fo=1, unplaced)         0.760    82.548    rclk_IBUF
                         BUFG (Prop_bufg_I_O)         0.091    82.639 r  rclk_IBUF_BUFG_inst/O
                         net (fo=8, unplaced)         0.439    83.078    rclk_IBUF_BUFG
                         FDRE                                         r  rd_data_bad_reg[6]/C
                         clock pessimism              0.000    83.078    
                         clock uncertainty           -0.035    83.043    
                         FDRE (Setup_fdre_C_D)       -0.220    82.823    rd_data_bad_reg[6]
  -------------------------------------------------------------------
                         required time                         82.823    
                         arrival time                         -83.218    
  -------------------------------------------------------------------
                         slack                                 -0.395    

Slack (VIOLATED) :        -0.395ns  (required time - arrival time)
  Source:                 data_reg_reg[7]/C
                            (rising edge-triggered cell FDRE clocked by wclk  {rise@0.000ns fall@5.000ns period=10.000ns})
  Destination:            rd_data_bad_reg[7]/D
                            (rising edge-triggered cell FDRE clocked by rclk  {rise@0.000ns fall@13.500ns period=27.000ns})
  Path Group:             rclk
  Path Type:              Setup (Max at Slow Process Corner)
  Requirement:            1.000ns  (rclk rise@81.000ns - wclk rise@80.000ns)
  Data Path Delay:        0.812ns  (logic 0.478ns (58.867%)  route 0.334ns (41.133%))
  Logic Levels:           0  
  Clock Path Skew:        -0.328ns (DCD - SCD + CPR)
    Destination Clock Delay (DCD):    2.078ns = ( 83.078 - 81.000 ) 
    Source Clock Delay      (SCD):    2.406ns = ( 82.406 - 80.000 ) 
    Clock Pessimism Removal (CPR):    0.000ns
  Clock Uncertainty:      0.035ns  ((TSJ^2 + TIJ^2)^1/2 + DJ) / 2 + PE
    Total System Jitter     (TSJ):    0.071ns
    Total Input Jitter      (TIJ):    0.000ns
    Discrete Jitter          (DJ):    0.000ns
    Phase Error              (PE):    0.000ns
  Clock Domain Crossing:  Inter clock paths are considered valid unless explicitly excluded by timing constraints such as set_clock_groups or set_false_path.

    Location             Delay type                Incr(ns)  Path(ns)    Netlist Resource(s)
  -------------------------------------------------------------------    -------------------
                         (clock wclk rise edge)      80.000    80.000 r  
                                                      0.000    80.000 r  wclk (IN)
                         net (fo=0)                   0.000    80.000    wclk
                         IBUF (Prop_ibuf_I_O)         0.921    80.921 r  wclk_IBUF_inst/O
                         net (fo=1, unplaced)         0.800    81.721    wclk_IBUF
                         BUFG (Prop_bufg_I_O)         0.101    81.822 r  wclk_IBUF_BUFG_inst/O
                         net (fo=8, unplaced)         0.584    82.406    wclk_IBUF_BUFG
                         FDRE                                         r  data_reg_reg[7]/C
  -------------------------------------------------------------------    -------------------
                         FDRE (Prop_fdre_C_Q)         0.478    82.884 r  data_reg_reg[7]/Q
                         net (fo=1, unplaced)         0.334    83.218    data_reg[7]
                         FDRE                                         r  rd_data_bad_reg[7]/D
  -------------------------------------------------------------------    -------------------

                         (clock rclk rise edge)      81.000    81.000 r  
                                                      0.000    81.000 r  rclk (IN)
                         net (fo=0)                   0.000    81.000    rclk
                         IBUF (Prop_ibuf_I_O)         0.788    81.788 r  rclk_IBUF_inst/O
                         net (fo=1, unplaced)         0.760    82.548    rclk_IBUF
                         BUFG (Prop_bufg_I_O)         0.091    82.639 r  rclk_IBUF_BUFG_inst/O
                         net (fo=8, unplaced)         0.439    83.078    rclk_IBUF_BUFG
                         FDRE                                         r  rd_data_bad_reg[7]/C
                         clock pessimism              0.000    83.078    
                         clock uncertainty           -0.035    83.043    
                         FDRE (Setup_fdre_C_D)       -0.220    82.823    rd_data_bad_reg[7]
  -------------------------------------------------------------------
                         required time                         82.823    
                         arrival time                         -83.218    
  -------------------------------------------------------------------
                         slack                                 -0.395    





Min Delay Paths
--------------------------------------------------------------------------------------
Slack (VIOLATED) :        -0.093ns  (arrival time - required time)
  Source:                 data_reg_reg[0]/C
                            (rising edge-triggered cell FDRE clocked by wclk  {rise@0.000ns fall@5.000ns period=10.000ns})
  Destination:            rd_data_bad_reg[0]/D
                            (rising edge-triggered cell FDRE clocked by rclk  {rise@0.000ns fall@13.500ns period=27.000ns})
  Path Group:             rclk
  Path Type:              Hold (Min at Fast Process Corner)
  Requirement:            0.000ns  (rclk rise@0.000ns - wclk rise@0.000ns)
  Data Path Delay:        0.288ns  (logic 0.147ns (51.079%)  route 0.141ns (48.921%))
  Logic Levels:           0  
  Clock Path Skew:        0.354ns (DCD - SCD - CPR)
    Destination Clock Delay (DCD):    0.982ns
    Source Clock Delay      (SCD):    0.628ns
    Clock Pessimism Removal (CPR):    -0.000ns
  Clock Uncertainty:      0.035ns  ((TSJ^2 + TIJ^2)^1/2 + DJ) / 2 + PE
    Total System Jitter     (TSJ):    0.071ns
    Total Input Jitter      (TIJ):    0.000ns
    Discrete Jitter          (DJ):    0.000ns
    Phase Error              (PE):    0.000ns
  Clock Domain Crossing:  Inter clock paths are considered valid unless explicitly excluded by timing constraints such as set_clock_groups or set_false_path.

    Location             Delay type                Incr(ns)  Path(ns)    Netlist Resource(s)
  -------------------------------------------------------------------    -------------------
                         (clock wclk rise edge)       0.000     0.000 r  
                                                      0.000     0.000 r  wclk (IN)
                         net (fo=0)                   0.000     0.000    wclk
                         IBUF (Prop_ibuf_I_O)         0.151     0.151 r  wclk_IBUF_inst/O
                         net (fo=1, unplaced)         0.337     0.488    wclk_IBUF
                         BUFG (Prop_bufg_I_O)         0.026     0.514 r  wclk_IBUF_BUFG_inst/O
                         net (fo=8, unplaced)         0.114     0.628    wclk_IBUF_BUFG
                         FDRE                                         r  data_reg_reg[0]/C
  -------------------------------------------------------------------    -------------------
                         FDRE (Prop_fdre_C_Q)         0.147     0.775 r  data_reg_reg[0]/Q
                         net (fo=1, unplaced)         0.141     0.916    data_reg[0]
                         FDRE                                         r  rd_data_bad_reg[0]/D
  -------------------------------------------------------------------    -------------------

                         (clock rclk rise edge)       0.000     0.000 r  
                                                      0.000     0.000 r  rclk (IN)
                         net (fo=0)                   0.000     0.000    rclk
                         IBUF (Prop_ibuf_I_O)         0.339     0.339 r  rclk_IBUF_inst/O
                         net (fo=1, unplaced)         0.355     0.694    rclk_IBUF
                         BUFG (Prop_bufg_I_O)         0.029     0.723 r  rclk_IBUF_BUFG_inst/O
                         net (fo=8, unplaced)         0.259     0.982    rclk_IBUF_BUFG
                         FDRE                                         r  rd_data_bad_reg[0]/C
                         clock pessimism              0.000     0.982    
                         clock uncertainty            0.035     1.017    
                         FDRE (Hold_fdre_C_D)        -0.009     1.008    rd_data_bad_reg[0]
  -------------------------------------------------------------------
                         required time                         -1.008    
                         arrival time                           0.916    
  -------------------------------------------------------------------
                         slack                                 -0.093    

Slack (VIOLATED) :        -0.093ns  (arrival time - required time)
  Source:                 data_reg_reg[1]/C
                            (rising edge-triggered cell FDRE clocked by wclk  {rise@0.000ns fall@5.000ns period=10.000ns})
  Destination:            rd_data_bad_reg[1]/D
                            (rising edge-triggered cell FDRE clocked by rclk  {rise@0.000ns fall@13.500ns period=27.000ns})
  Path Group:             rclk
  Path Type:              Hold (Min at Fast Process Corner)
  Requirement:            0.000ns  (rclk rise@0.000ns - wclk rise@0.000ns)
  Data Path Delay:        0.288ns  (logic 0.147ns (51.079%)  route 0.141ns (48.921%))
  Logic Levels:           0  
  Clock Path Skew:        0.354ns (DCD - SCD - CPR)
    Destination Clock Delay (DCD):    0.982ns
    Source Clock Delay      (SCD):    0.628ns
    Clock Pessimism Removal (CPR):    -0.000ns
  Clock Uncertainty:      0.035ns  ((TSJ^2 + TIJ^2)^1/2 + DJ) / 2 + PE
    Total System Jitter     (TSJ):    0.071ns
    Total Input Jitter      (TIJ):    0.000ns
    Discrete Jitter          (DJ):    0.000ns
    Phase Error              (PE):    0.000ns
  Clock Domain Crossing:  Inter clock paths are considered valid unless explicitly excluded by timing constraints such as set_clock_groups or set_false_path.

    Location             Delay type                Incr(ns)  Path(ns)    Netlist Resource(s)
  -------------------------------------------------------------------    -------------------
                         (clock wclk rise edge)       0.000     0.000 r  
                                                      0.000     0.000 r  wclk (IN)
                         net (fo=0)                   0.000     0.000    wclk
                         IBUF (Prop_ibuf_I_O)         0.151     0.151 r  wclk_IBUF_inst/O
                         net (fo=1, unplaced)         0.337     0.488    wclk_IBUF
                         BUFG (Prop_bufg_I_O)         0.026     0.514 r  wclk_IBUF_BUFG_inst/O
                         net (fo=8, unplaced)         0.114     0.628    wclk_IBUF_BUFG
                         FDRE                                         r  data_reg_reg[1]/C
  -------------------------------------------------------------------    -------------------
                         FDRE (Prop_fdre_C_Q)         0.147     0.775 r  data_reg_reg[1]/Q
                         net (fo=1, unplaced)         0.141     0.916    data_reg[1]
                         FDRE                                         r  rd_data_bad_reg[1]/D
  -------------------------------------------------------------------    -------------------

                         (clock rclk rise edge)       0.000     0.000 r  
                                                      0.000     0.000 r  rclk (IN)
                         net (fo=0)                   0.000     0.000    rclk
                         IBUF (Prop_ibuf_I_O)         0.339     0.339 r  rclk_IBUF_inst/O
                         net (fo=1, unplaced)         0.355     0.694    rclk_IBUF
                         BUFG (Prop_bufg_I_O)         0.029     0.723 r  rclk_IBUF_BUFG_inst/O
                         net (fo=8, unplaced)         0.259     0.982    rclk_IBUF_BUFG
                         FDRE                                         r  rd_data_bad_reg[1]/C
                         clock pessimism              0.000     0.982    
                         clock uncertainty            0.035     1.017    
                         FDRE (Hold_fdre_C_D)        -0.009     1.008    rd_data_bad_reg[1]
  -------------------------------------------------------------------
                         required time                         -1.008    
                         arrival time                           0.916    
  -------------------------------------------------------------------
                         slack                                 -0.093    

Slack (VIOLATED) :        -0.093ns  (arrival time - required time)
  Source:                 data_reg_reg[2]/C
                            (rising edge-triggered cell FDRE clocked by wclk  {rise@0.000ns fall@5.000ns period=10.000ns})
  Destination:            rd_data_bad_reg[2]/D
                            (rising edge-triggered cell FDRE clocked by rclk  {rise@0.000ns fall@13.500ns period=27.000ns})
  Path Group:             rclk
  Path Type:              Hold (Min at Fast Process Corner)
  Requirement:            0.000ns  (rclk rise@0.000ns - wclk rise@0.000ns)
  Data Path Delay:        0.288ns  (logic 0.147ns (51.079%)  route 0.141ns (48.921%))
  Logic Levels:           0  
  Clock Path Skew:        0.354ns (DCD - SCD - CPR)
    Destination Clock Delay (DCD):    0.982ns
    Source Clock Delay      (SCD):    0.628ns
    Clock Pessimism Removal (CPR):    -0.000ns
  Clock Uncertainty:      0.035ns  ((TSJ^2 + TIJ^2)^1/2 + DJ) / 2 + PE
    Total System Jitter     (TSJ):    0.071ns
    Total Input Jitter      (TIJ):    0.000ns
    Discrete Jitter          (DJ):    0.000ns
    Phase Error              (PE):    0.000ns
  Clock Domain Crossing:  Inter clock paths are considered valid unless explicitly excluded by timing constraints such as set_clock_groups or set_false_path.

    Location             Delay type                Incr(ns)  Path(ns)    Netlist Resource(s)
  -------------------------------------------------------------------    -------------------
                         (clock wclk rise edge)       0.000     0.000 r  
                                                      0.000     0.000 r  wclk (IN)
                         net (fo=0)                   0.000     0.000    wclk
                         IBUF (Prop_ibuf_I_O)         0.151     0.151 r  wclk_IBUF_inst/O
                         net (fo=1, unplaced)         0.337     0.488    wclk_IBUF
                         BUFG (Prop_bufg_I_O)         0.026     0.514 r  wclk_IBUF_BUFG_inst/O
                         net (fo=8, unplaced)         0.114     0.628    wclk_IBUF_BUFG
                         FDRE                                         r  data_reg_reg[2]/C
  -------------------------------------------------------------------    -------------------
                         FDRE (Prop_fdre_C_Q)         0.147     0.775 r  data_reg_reg[2]/Q
                         net (fo=1, unplaced)         0.141     0.916    data_reg[2]
                         FDRE                                         r  rd_data_bad_reg[2]/D
  -------------------------------------------------------------------    -------------------

                         (clock rclk rise edge)       0.000     0.000 r  
                                                      0.000     0.000 r  rclk (IN)
                         net (fo=0)                   0.000     0.000    rclk
                         IBUF (Prop_ibuf_I_O)         0.339     0.339 r  rclk_IBUF_inst/O
                         net (fo=1, unplaced)         0.355     0.694    rclk_IBUF
                         BUFG (Prop_bufg_I_O)         0.029     0.723 r  rclk_IBUF_BUFG_inst/O
                         net (fo=8, unplaced)         0.259     0.982    rclk_IBUF_BUFG
                         FDRE                                         r  rd_data_bad_reg[2]/C
                         clock pessimism              0.000     0.982    
                         clock uncertainty            0.035     1.017    
                         FDRE (Hold_fdre_C_D)        -0.009     1.008    rd_data_bad_reg[2]
  -------------------------------------------------------------------
                         required time                         -1.008    
                         arrival time                           0.916    
  -------------------------------------------------------------------
                         slack                                 -0.093    

Slack (VIOLATED) :        -0.093ns  (arrival time - required time)
  Source:                 data_reg_reg[3]/C
                            (rising edge-triggered cell FDRE clocked by wclk  {rise@0.000ns fall@5.000ns period=10.000ns})
  Destination:            rd_data_bad_reg[3]/D
                            (rising edge-triggered cell FDRE clocked by rclk  {rise@0.000ns fall@13.500ns period=27.000ns})
  Path Group:             rclk
  Path Type:              Hold (Min at Fast Process Corner)
  Requirement:            0.000ns  (rclk rise@0.000ns - wclk rise@0.000ns)
  Data Path Delay:        0.288ns  (logic 0.147ns (51.079%)  route 0.141ns (48.921%))
  Logic Levels:           0  
  Clock Path Skew:        0.354ns (DCD - SCD - CPR)
    Destination Clock Delay (DCD):    0.982ns
    Source Clock Delay      (SCD):    0.628ns
    Clock Pessimism Removal (CPR):    -0.000ns
  Clock Uncertainty:      0.035ns  ((TSJ^2 + TIJ^2)^1/2 + DJ) / 2 + PE
    Total System Jitter     (TSJ):    0.071ns
    Total Input Jitter      (TIJ):    0.000ns
    Discrete Jitter          (DJ):    0.000ns
    Phase Error              (PE):    0.000ns
  Clock Domain Crossing:  Inter clock paths are considered valid unless explicitly excluded by timing constraints such as set_clock_groups or set_false_path.

    Location             Delay type                Incr(ns)  Path(ns)    Netlist Resource(s)
  -------------------------------------------------------------------    -------------------
                         (clock wclk rise edge)       0.000     0.000 r  
                                                      0.000     0.000 r  wclk (IN)
                         net (fo=0)                   0.000     0.000    wclk
                         IBUF (Prop_ibuf_I_O)         0.151     0.151 r  wclk_IBUF_inst/O
                         net (fo=1, unplaced)         0.337     0.488    wclk_IBUF
                         BUFG (Prop_bufg_I_O)         0.026     0.514 r  wclk_IBUF_BUFG_inst/O
                         net (fo=8, unplaced)         0.114     0.628    wclk_IBUF_BUFG
                         FDRE                                         r  data_reg_reg[3]/C
  -------------------------------------------------------------------    -------------------
                         FDRE (Prop_fdre_C_Q)         0.147     0.775 r  data_reg_reg[3]/Q
                         net (fo=1, unplaced)         0.141     0.916    data_reg[3]
                         FDRE                                         r  rd_data_bad_reg[3]/D
  -------------------------------------------------------------------    -------------------

                         (clock rclk rise edge)       0.000     0.000 r  
                                                      0.000     0.000 r  rclk (IN)
                         net (fo=0)                   0.000     0.000    rclk
                         IBUF (Prop_ibuf_I_O)         0.339     0.339 r  rclk_IBUF_inst/O
                         net (fo=1, unplaced)         0.355     0.694    rclk_IBUF
                         BUFG (Prop_bufg_I_O)         0.029     0.723 r  rclk_IBUF_BUFG_inst/O
                         net (fo=8, unplaced)         0.259     0.982    rclk_IBUF_BUFG
                         FDRE                                         r  rd_data_bad_reg[3]/C
                         clock pessimism              0.000     0.982    
                         clock uncertainty            0.035     1.017    
                         FDRE (Hold_fdre_C_D)        -0.009     1.008    rd_data_bad_reg[3]
  -------------------------------------------------------------------
                         required time                         -1.008    
                         arrival time                           0.916    
  -------------------------------------------------------------------
                         slack                                 -0.093    

Slack (VIOLATED) :        -0.093ns  (arrival time - required time)
  Source:                 data_reg_reg[4]/C
                            (rising edge-triggered cell FDRE clocked by wclk  {rise@0.000ns fall@5.000ns period=10.000ns})
  Destination:            rd_data_bad_reg[4]/D
                            (rising edge-triggered cell FDRE clocked by rclk  {rise@0.000ns fall@13.500ns period=27.000ns})
  Path Group:             rclk
  Path Type:              Hold (Min at Fast Process Corner)
  Requirement:            0.000ns  (rclk rise@0.000ns - wclk rise@0.000ns)
  Data Path Delay:        0.288ns  (logic 0.147ns (51.079%)  route 0.141ns (48.921%))
  Logic Levels:           0  
  Clock Path Skew:        0.354ns (DCD - SCD - CPR)
    Destination Clock Delay (DCD):    0.982ns
    Source Clock Delay      (SCD):    0.628ns
    Clock Pessimism Removal (CPR):    -0.000ns
  Clock Uncertainty:      0.035ns  ((TSJ^2 + TIJ^2)^1/2 + DJ) / 2 + PE
    Total System Jitter     (TSJ):    0.071ns
    Total Input Jitter      (TIJ):    0.000ns
    Discrete Jitter          (DJ):    0.000ns
    Phase Error              (PE):    0.000ns
  Clock Domain Crossing:  Inter clock paths are considered valid unless explicitly excluded by timing constraints such as set_clock_groups or set_false_path.

    Location             Delay type                Incr(ns)  Path(ns)    Netlist Resource(s)
  -------------------------------------------------------------------    -------------------
                         (clock wclk rise edge)       0.000     0.000 r  
                                                      0.000     0.000 r  wclk (IN)
                         net (fo=0)                   0.000     0.000    wclk
                         IBUF (Prop_ibuf_I_O)         0.151     0.151 r  wclk_IBUF_inst/O
                         net (fo=1, unplaced)         0.337     0.488    wclk_IBUF
                         BUFG (Prop_bufg_I_O)         0.026     0.514 r  wclk_IBUF_BUFG_inst/O
                         net (fo=8, unplaced)         0.114     0.628    wclk_IBUF_BUFG
                         FDRE                                         r  data_reg_reg[4]/C
  -------------------------------------------------------------------    -------------------
                         FDRE (Prop_fdre_C_Q)         0.147     0.775 r  data_reg_reg[4]/Q
                         net (fo=1, unplaced)         0.141     0.916    data_reg[4]
                         FDRE                                         r  rd_data_bad_reg[4]/D
  -------------------------------------------------------------------    -------------------

                         (clock rclk rise edge)       0.000     0.000 r  
                                                      0.000     0.000 r  rclk (IN)
                         net (fo=0)                   0.000     0.000    rclk
                         IBUF (Prop_ibuf_I_O)         0.339     0.339 r  rclk_IBUF_inst/O
                         net (fo=1, unplaced)         0.355     0.694    rclk_IBUF
                         BUFG (Prop_bufg_I_O)         0.029     0.723 r  rclk_IBUF_BUFG_inst/O
                         net (fo=8, unplaced)         0.259     0.982    rclk_IBUF_BUFG
                         FDRE                                         r  rd_data_bad_reg[4]/C
                         clock pessimism              0.000     0.982    
                         clock uncertainty            0.035     1.017    
                         FDRE (Hold_fdre_C_D)        -0.009     1.008    rd_data_bad_reg[4]
  -------------------------------------------------------------------
                         required time                         -1.008    
                         arrival time                           0.916    
  -------------------------------------------------------------------
                         slack                                 -0.093    

Slack (VIOLATED) :        -0.093ns  (arrival time - required time)
  Source:                 data_reg_reg[5]/C
                            (rising edge-triggered cell FDRE clocked by wclk  {rise@0.000ns fall@5.000ns period=10.000ns})
  Destination:            rd_data_bad_reg[5]/D
                            (rising edge-triggered cell FDRE clocked by rclk  {rise@0.000ns fall@13.500ns period=27.000ns})
  Path Group:             rclk
  Path Type:              Hold (Min at Fast Process Corner)
  Requirement:            0.000ns  (rclk rise@0.000ns - wclk rise@0.000ns)
  Data Path Delay:        0.288ns  (logic 0.147ns (51.079%)  route 0.141ns (48.921%))
  Logic Levels:           0  
  Clock Path Skew:        0.354ns (DCD - SCD - CPR)
    Destination Clock Delay (DCD):    0.982ns
    Source Clock Delay      (SCD):    0.628ns
    Clock Pessimism Removal (CPR):    -0.000ns
  Clock Uncertainty:      0.035ns  ((TSJ^2 + TIJ^2)^1/2 + DJ) / 2 + PE
    Total System Jitter     (TSJ):    0.071ns
    Total Input Jitter      (TIJ):    0.000ns
    Discrete Jitter          (DJ):    0.000ns
    Phase Error              (PE):    0.000ns
  Clock Domain Crossing:  Inter clock paths are considered valid unless explicitly excluded by timing constraints such as set_clock_groups or set_false_path.

    Location             Delay type                Incr(ns)  Path(ns)    Netlist Resource(s)
  -------------------------------------------------------------------    -------------------
                         (clock wclk rise edge)       0.000     0.000 r  
                                                      0.000     0.000 r  wclk (IN)
                         net (fo=0)                   0.000     0.000    wclk
                         IBUF (Prop_ibuf_I_O)         0.151     0.151 r  wclk_IBUF_inst/O
                         net (fo=1, unplaced)         0.337     0.488    wclk_IBUF
                         BUFG (Prop_bufg_I_O)         0.026     0.514 r  wclk_IBUF_BUFG_inst/O
                         net (fo=8, unplaced)         0.114     0.628    wclk_IBUF_BUFG
                         FDRE                                         r  data_reg_reg[5]/C
  -------------------------------------------------------------------    -------------------
                         FDRE (Prop_fdre_C_Q)         0.147     0.775 r  data_reg_reg[5]/Q
                         net (fo=1, unplaced)         0.141     0.916    data_reg[5]
                         FDRE                                         r  rd_data_bad_reg[5]/D
  -------------------------------------------------------------------    -------------------

                         (clock rclk rise edge)       0.000     0.000 r  
                                                      0.000     0.000 r  rclk (IN)
                         net (fo=0)                   0.000     0.000    rclk
                         IBUF (Prop_ibuf_I_O)         0.339     0.339 r  rclk_IBUF_inst/O
                         net (fo=1, unplaced)         0.355     0.694    rclk_IBUF
                         BUFG (Prop_bufg_I_O)         0.029     0.723 r  rclk_IBUF_BUFG_inst/O
                         net (fo=8, unplaced)         0.259     0.982    rclk_IBUF_BUFG
                         FDRE                                         r  rd_data_bad_reg[5]/C
                         clock pessimism              0.000     0.982    
                         clock uncertainty            0.035     1.017    
                         FDRE (Hold_fdre_C_D)        -0.009     1.008    rd_data_bad_reg[5]
  -------------------------------------------------------------------
                         required time                         -1.008    
                         arrival time                           0.916    
  -------------------------------------------------------------------
                         slack                                 -0.093    

Slack (VIOLATED) :        -0.093ns  (arrival time - required time)
  Source:                 data_reg_reg[6]/C
                            (rising edge-triggered cell FDRE clocked by wclk  {rise@0.000ns fall@5.000ns period=10.000ns})
  Destination:            rd_data_bad_reg[6]/D
                            (rising edge-triggered cell FDRE clocked by rclk  {rise@0.000ns fall@13.500ns period=27.000ns})
  Path Group:             rclk
  Path Type:              Hold (Min at Fast Process Corner)
  Requirement:            0.000ns  (rclk rise@0.000ns - wclk rise@0.000ns)
  Data Path Delay:        0.288ns  (logic 0.147ns (51.079%)  route 0.141ns (48.921%))
  Logic Levels:           0  
  Clock Path Skew:        0.354ns (DCD - SCD - CPR)
    Destination Clock Delay (DCD):    0.982ns
    Source Clock Delay      (SCD):    0.628ns
    Clock Pessimism Removal (CPR):    -0.000ns
  Clock Uncertainty:      0.035ns  ((TSJ^2 + TIJ^2)^1/2 + DJ) / 2 + PE
    Total System Jitter     (TSJ):    0.071ns
    Total Input Jitter      (TIJ):    0.000ns
    Discrete Jitter          (DJ):    0.000ns
    Phase Error              (PE):    0.000ns
  Clock Domain Crossing:  Inter clock paths are considered valid unless explicitly excluded by timing constraints such as set_clock_groups or set_false_path.

    Location             Delay type                Incr(ns)  Path(ns)    Netlist Resource(s)
  -------------------------------------------------------------------    -------------------
                         (clock wclk rise edge)       0.000     0.000 r  
                                                      0.000     0.000 r  wclk (IN)
                         net (fo=0)                   0.000     0.000    wclk
                         IBUF (Prop_ibuf_I_O)         0.151     0.151 r  wclk_IBUF_inst/O
                         net (fo=1, unplaced)         0.337     0.488    wclk_IBUF
                         BUFG (Prop_bufg_I_O)         0.026     0.514 r  wclk_IBUF_BUFG_inst/O
                         net (fo=8, unplaced)         0.114     0.628    wclk_IBUF_BUFG
                         FDRE                                         r  data_reg_reg[6]/C
  -------------------------------------------------------------------    -------------------
                         FDRE (Prop_fdre_C_Q)         0.147     0.775 r  data_reg_reg[6]/Q
                         net (fo=1, unplaced)         0.141     0.916    data_reg[6]
                         FDRE                                         r  rd_data_bad_reg[6]/D
  -------------------------------------------------------------------    -------------------

                         (clock rclk rise edge)       0.000     0.000 r  
                                                      0.000     0.000 r  rclk (IN)
                         net (fo=0)                   0.000     0.000    rclk
                         IBUF (Prop_ibuf_I_O)         0.339     0.339 r  rclk_IBUF_inst/O
                         net (fo=1, unplaced)         0.355     0.694    rclk_IBUF
                         BUFG (Prop_bufg_I_O)         0.029     0.723 r  rclk_IBUF_BUFG_inst/O
                         net (fo=8, unplaced)         0.259     0.982    rclk_IBUF_BUFG
                         FDRE                                         r  rd_data_bad_reg[6]/C
                         clock pessimism              0.000     0.982    
                         clock uncertainty            0.035     1.017    
                         FDRE (Hold_fdre_C_D)        -0.009     1.008    rd_data_bad_reg[6]
  -------------------------------------------------------------------
                         required time                         -1.008    
                         arrival time                           0.916    
  -------------------------------------------------------------------
                         slack                                 -0.093    

Slack (VIOLATED) :        -0.093ns  (arrival time - required time)
  Source:                 data_reg_reg[7]/C
                            (rising edge-triggered cell FDRE clocked by wclk  {rise@0.000ns fall@5.000ns period=10.000ns})
  Destination:            rd_data_bad_reg[7]/D
                            (rising edge-triggered cell FDRE clocked by rclk  {rise@0.000ns fall@13.500ns period=27.000ns})
  Path Group:             rclk
  Path Type:              Hold (Min at Fast Process Corner)
  Requirement:            0.000ns  (rclk rise@0.000ns - wclk rise@0.000ns)
  Data Path Delay:        0.288ns  (logic 0.147ns (51.079%)  route 0.141ns (48.921%))
  Logic Levels:           0  
  Clock Path Skew:        0.354ns (DCD - SCD - CPR)
    Destination Clock Delay (DCD):    0.982ns
    Source Clock Delay      (SCD):    0.628ns
    Clock Pessimism Removal (CPR):    -0.000ns
  Clock Uncertainty:      0.035ns  ((TSJ^2 + TIJ^2)^1/2 + DJ) / 2 + PE
    Total System Jitter     (TSJ):    0.071ns
    Total Input Jitter      (TIJ):    0.000ns
    Discrete Jitter          (DJ):    0.000ns
    Phase Error              (PE):    0.000ns
  Clock Domain Crossing:  Inter clock paths are considered valid unless explicitly excluded by timing constraints such as set_clock_groups or set_false_path.

    Location             Delay type                Incr(ns)  Path(ns)    Netlist Resource(s)
  -------------------------------------------------------------------    -------------------
                         (clock wclk rise edge)       0.000     0.000 r  
                                                      0.000     0.000 r  wclk (IN)
                         net (fo=0)                   0.000     0.000    wclk
                         IBUF (Prop_ibuf_I_O)         0.151     0.151 r  wclk_IBUF_inst/O
                         net (fo=1, unplaced)         0.337     0.488    wclk_IBUF
                         BUFG (Prop_bufg_I_O)         0.026     0.514 r  wclk_IBUF_BUFG_inst/O
                         net (fo=8, unplaced)         0.114     0.628    wclk_IBUF_BUFG
                         FDRE                                         r  data_reg_reg[7]/C
  -------------------------------------------------------------------    -------------------
                         FDRE (Prop_fdre_C_Q)         0.147     0.775 r  data_reg_reg[7]/Q
                         net (fo=1, unplaced)         0.141     0.916    data_reg[7]
                         FDRE                                         r  rd_data_bad_reg[7]/D
  -------------------------------------------------------------------    -------------------

                         (clock rclk rise edge)       0.000     0.000 r  
                                                      0.000     0.000 r  rclk (IN)
                         net (fo=0)                   0.000     0.000    rclk
                         IBUF (Prop_ibuf_I_O)         0.339     0.339 r  rclk_IBUF_inst/O
                         net (fo=1, unplaced)         0.355     0.694    rclk_IBUF
                         BUFG (Prop_bufg_I_O)         0.029     0.723 r  rclk_IBUF_BUFG_inst/O
                         net (fo=8, unplaced)         0.259     0.982    rclk_IBUF_BUFG
                         FDRE                                         r  rd_data_bad_reg[7]/C
                         clock pessimism              0.000     0.982    
                         clock uncertainty            0.035     1.017    
                         FDRE (Hold_fdre_C_D)        -0.009     1.008    rd_data_bad_reg[7]
  -------------------------------------------------------------------
                         required time                         -1.008    
                         arrival time                           0.916    
  -------------------------------------------------------------------
                         slack                                 -0.093    





